<?xml version="1.0" encoding="UTF-8"?>
<!-- Generated by org.testng.reporters.JUnitReportReporter -->
<testsuite hostname="DESKTOP-O1670DC" failures="0" tests="1" name="WikipediaSearch" time="10.867" errors="0" timestamp="2023-06-30T11:07:05 EDT" skipped="0">
  <testcase classname="WikipediaSearch" name="verifyWikipediaPage" time="10.867"/>
  <system-out/>
</testsuite> <!-- WikipediaSearch -->
